-------------------------------------------------------------------------------
Test set: TestSuite
-------------------------------------------------------------------------------
Tests run: 3, Failures: 1, Errors: 0, Skipped: 0, Time elapsed: 51.79 s <<< FAILURE! -- in TestSuite
runners.TestRunner.runScenario["Go to random store and then validate", "N11 Store and Product Automation"](1) -- Time elapsed: 18.18 s <<< FAILURE!
java.lang.AssertionError: expected [true] but found [false]
	at org.testng.Assert.fail(Assert.java:111)
	at org.testng.Assert.failNotEquals(Assert.java:1578)
	at org.testng.Assert.assertTrue(Assert.java:57)
	at org.testng.Assert.assertTrue(Assert.java:67)
	at stepDefinitions.N11Steps.verifyStorePageOpened(N11Steps.java:32)
	at âœ½.User verifies the store page opens correctly(file:///Users/savaskarakus/IdeaProjects/n11-web-automation/src/test/resources/features/n11.feature:9)

